2022-04-14 07:59:00 startup archives unpack
2022-04-14 07:59:00 install libgpm2:amd64 <none> 1.20.4-6.1
2022-04-14 07:59:00 status half-installed libgpm2:amd64 1.20.4-6.1
2022-04-14 07:59:00 status unpacked libgpm2:amd64 1.20.4-6.1
2022-04-14 07:59:00 status unpacked libgpm2:amd64 1.20.4-6.1
2022-04-14 07:59:00 upgrade python2.7:amd64 2.7.6-8 2.7.6-8ubuntu0.5
2022-04-14 07:59:00 status half-configured python2.7:amd64 2.7.6-8
2022-04-14 07:59:00 status unpacked python2.7:amd64 2.7.6-8
2022-04-14 07:59:00 status half-installed python2.7:amd64 2.7.6-8
2022-04-14 07:59:00 status triggers-pending mime-support:all 3.54ubuntu1
2022-04-14 07:59:00 status half-installed python2.7:amd64 2.7.6-8
2022-04-14 07:59:00 status unpacked python2.7:amd64 2.7.6-8ubuntu0.5
2022-04-14 07:59:00 status unpacked python2.7:amd64 2.7.6-8ubuntu0.5
2022-04-14 07:59:00 upgrade python2.7-minimal:amd64 2.7.6-8 2.7.6-8ubuntu0.5
2022-04-14 07:59:00 status half-configured python2.7-minimal:amd64 2.7.6-8
2022-04-14 07:59:00 status unpacked python2.7-minimal:amd64 2.7.6-8
2022-04-14 07:59:00 status half-installed python2.7-minimal:amd64 2.7.6-8
2022-04-14 07:59:00 status half-installed python2.7-minimal:amd64 2.7.6-8
2022-04-14 07:59:00 status unpacked python2.7-minimal:amd64 2.7.6-8ubuntu0.5
2022-04-14 07:59:00 status unpacked python2.7-minimal:amd64 2.7.6-8ubuntu0.5
2022-04-14 07:59:00 upgrade libpython2.7-stdlib:amd64 2.7.6-8 2.7.6-8ubuntu0.5
2022-04-14 07:59:00 status half-configured libpython2.7-stdlib:amd64 2.7.6-8
2022-04-14 07:59:00 status unpacked libpython2.7-stdlib:amd64 2.7.6-8
2022-04-14 07:59:00 status half-installed libpython2.7-stdlib:amd64 2.7.6-8
2022-04-14 07:59:02 status half-installed libpython2.7-stdlib:amd64 2.7.6-8
2022-04-14 07:59:02 status unpacked libpython2.7-stdlib:amd64 2.7.6-8ubuntu0.5
2022-04-14 07:59:02 status unpacked libpython2.7-stdlib:amd64 2.7.6-8ubuntu0.5
2022-04-14 07:59:02 upgrade libpython2.7-minimal:amd64 2.7.6-8 2.7.6-8ubuntu0.5
2022-04-14 07:59:02 status half-configured libpython2.7-minimal:amd64 2.7.6-8
2022-04-14 07:59:02 status unpacked libpython2.7-minimal:amd64 2.7.6-8
2022-04-14 07:59:02 status half-installed libpython2.7-minimal:amd64 2.7.6-8
2022-04-14 07:59:02 status half-installed libpython2.7-minimal:amd64 2.7.6-8
2022-04-14 07:59:02 status unpacked libpython2.7-minimal:amd64 2.7.6-8ubuntu0.5
2022-04-14 07:59:02 status unpacked libpython2.7-minimal:amd64 2.7.6-8ubuntu0.5
2022-04-14 07:59:02 install libpython2.7:amd64 <none> 2.7.6-8ubuntu0.5
2022-04-14 07:59:02 status half-installed libpython2.7:amd64 2.7.6-8ubuntu0.5
2022-04-14 07:59:02 status unpacked libpython2.7:amd64 2.7.6-8ubuntu0.5
2022-04-14 07:59:02 status unpacked libpython2.7:amd64 2.7.6-8ubuntu0.5
2022-04-14 07:59:02 upgrade vim-tiny:amd64 2:7.4.052-1ubuntu3 2:7.4.052-1ubuntu3.1
2022-04-14 07:59:02 status half-configured vim-tiny:amd64 2:7.4.052-1ubuntu3
2022-04-14 07:59:02 status unpacked vim-tiny:amd64 2:7.4.052-1ubuntu3
2022-04-14 07:59:02 status half-installed vim-tiny:amd64 2:7.4.052-1ubuntu3
2022-04-14 07:59:02 status half-installed vim-tiny:amd64 2:7.4.052-1ubuntu3
2022-04-14 07:59:02 status unpacked vim-tiny:amd64 2:7.4.052-1ubuntu3.1
2022-04-14 07:59:02 status unpacked vim-tiny:amd64 2:7.4.052-1ubuntu3.1
2022-04-14 07:59:02 upgrade vim-common:amd64 2:7.4.052-1ubuntu3 2:7.4.052-1ubuntu3.1
2022-04-14 07:59:02 status half-configured vim-common:amd64 2:7.4.052-1ubuntu3
2022-04-14 07:59:02 status unpacked vim-common:amd64 2:7.4.052-1ubuntu3
2022-04-14 07:59:02 status half-installed vim-common:amd64 2:7.4.052-1ubuntu3
2022-04-14 07:59:02 status triggers-pending mime-support:all 3.54ubuntu1
2022-04-14 07:59:02 status half-installed vim-common:amd64 2:7.4.052-1ubuntu3
2022-04-14 07:59:02 status unpacked vim-common:amd64 2:7.4.052-1ubuntu3.1
2022-04-14 07:59:02 status unpacked vim-common:amd64 2:7.4.052-1ubuntu3.1
2022-04-14 07:59:02 install vim-runtime:all <none> 2:7.4.052-1ubuntu3.1
2022-04-14 07:59:02 status half-installed vim-runtime:all 2:7.4.052-1ubuntu3.1
2022-04-14 07:59:03 status unpacked vim-runtime:all 2:7.4.052-1ubuntu3.1
2022-04-14 07:59:03 status unpacked vim-runtime:all 2:7.4.052-1ubuntu3.1
2022-04-14 07:59:03 install vim:amd64 <none> 2:7.4.052-1ubuntu3.1
2022-04-14 07:59:03 status half-installed vim:amd64 2:7.4.052-1ubuntu3.1
2022-04-14 07:59:03 status unpacked vim:amd64 2:7.4.052-1ubuntu3.1
2022-04-14 07:59:03 status unpacked vim:amd64 2:7.4.052-1ubuntu3.1
2022-04-14 07:59:03 trigproc mime-support:all 3.54ubuntu1 3.54ubuntu1
2022-04-14 07:59:03 status half-configured mime-support:all 3.54ubuntu1
2022-04-14 07:59:03 status installed mime-support:all 3.54ubuntu1
2022-04-14 07:59:05 startup packages configure
2022-04-14 07:59:05 configure libgpm2:amd64 1.20.4-6.1 <none>
2022-04-14 07:59:05 status unpacked libgpm2:amd64 1.20.4-6.1
2022-04-14 07:59:05 status half-configured libgpm2:amd64 1.20.4-6.1
2022-04-14 07:59:05 status installed libgpm2:amd64 1.20.4-6.1
2022-04-14 07:59:05 status triggers-pending libc-bin:amd64 2.19-0ubuntu6.3
2022-04-14 07:59:05 configure libpython2.7-minimal:amd64 2.7.6-8ubuntu0.5 <none>
2022-04-14 07:59:05 status unpacked libpython2.7-minimal:amd64 2.7.6-8ubuntu0.5
2022-04-14 07:59:05 status unpacked libpython2.7-minimal:amd64 2.7.6-8ubuntu0.5
2022-04-14 07:59:05 status half-configured libpython2.7-minimal:amd64 2.7.6-8ubuntu0.5
2022-04-14 07:59:05 status installed libpython2.7-minimal:amd64 2.7.6-8ubuntu0.5
2022-04-14 07:59:05 configure python2.7-minimal:amd64 2.7.6-8ubuntu0.5 <none>
2022-04-14 07:59:05 status unpacked python2.7-minimal:amd64 2.7.6-8ubuntu0.5
2022-04-14 07:59:05 status half-configured python2.7-minimal:amd64 2.7.6-8ubuntu0.5
2022-04-14 07:59:05 status installed python2.7-minimal:amd64 2.7.6-8ubuntu0.5
2022-04-14 07:59:05 configure libpython2.7-stdlib:amd64 2.7.6-8ubuntu0.5 <none>
2022-04-14 07:59:05 status unpacked libpython2.7-stdlib:amd64 2.7.6-8ubuntu0.5
2022-04-14 07:59:05 status half-configured libpython2.7-stdlib:amd64 2.7.6-8ubuntu0.5
2022-04-14 07:59:05 status installed libpython2.7-stdlib:amd64 2.7.6-8ubuntu0.5
2022-04-14 07:59:05 configure python2.7:amd64 2.7.6-8ubuntu0.5 <none>
2022-04-14 07:59:05 status unpacked python2.7:amd64 2.7.6-8ubuntu0.5
2022-04-14 07:59:05 status half-configured python2.7:amd64 2.7.6-8ubuntu0.5
2022-04-14 07:59:06 status installed python2.7:amd64 2.7.6-8ubuntu0.5
2022-04-14 07:59:06 configure libpython2.7:amd64 2.7.6-8ubuntu0.5 <none>
2022-04-14 07:59:06 status unpacked libpython2.7:amd64 2.7.6-8ubuntu0.5
2022-04-14 07:59:06 status half-configured libpython2.7:amd64 2.7.6-8ubuntu0.5
2022-04-14 07:59:06 status installed libpython2.7:amd64 2.7.6-8ubuntu0.5
2022-04-14 07:59:06 configure vim-common:amd64 2:7.4.052-1ubuntu3.1 <none>
2022-04-14 07:59:06 status unpacked vim-common:amd64 2:7.4.052-1ubuntu3.1
2022-04-14 07:59:06 status unpacked vim-common:amd64 2:7.4.052-1ubuntu3.1
2022-04-14 07:59:06 status half-configured vim-common:amd64 2:7.4.052-1ubuntu3.1
2022-04-14 07:59:06 status installed vim-common:amd64 2:7.4.052-1ubuntu3.1
2022-04-14 07:59:06 configure vim-tiny:amd64 2:7.4.052-1ubuntu3.1 <none>
2022-04-14 07:59:06 status unpacked vim-tiny:amd64 2:7.4.052-1ubuntu3.1
2022-04-14 07:59:06 status unpacked vim-tiny:amd64 2:7.4.052-1ubuntu3.1
2022-04-14 07:59:06 status half-configured vim-tiny:amd64 2:7.4.052-1ubuntu3.1
2022-04-14 07:59:06 status installed vim-tiny:amd64 2:7.4.052-1ubuntu3.1
2022-04-14 07:59:06 configure vim-runtime:all 2:7.4.052-1ubuntu3.1 <none>
2022-04-14 07:59:06 status unpacked vim-runtime:all 2:7.4.052-1ubuntu3.1
2022-04-14 07:59:06 status half-configured vim-runtime:all 2:7.4.052-1ubuntu3.1
2022-04-14 07:59:06 status installed vim-runtime:all 2:7.4.052-1ubuntu3.1
2022-04-14 07:59:06 configure vim:amd64 2:7.4.052-1ubuntu3.1 <none>
2022-04-14 07:59:06 status unpacked vim:amd64 2:7.4.052-1ubuntu3.1
2022-04-14 07:59:06 status half-configured vim:amd64 2:7.4.052-1ubuntu3.1
2022-04-14 07:59:06 status installed vim:amd64 2:7.4.052-1ubuntu3.1
2022-04-14 07:59:06 trigproc libc-bin:amd64 2.19-0ubuntu6.3 <none>
2022-04-14 07:59:06 status half-configured libc-bin:amd64 2.19-0ubuntu6.3
2022-04-14 07:59:06 status installed libc-bin:amd64 2.19-0ubuntu6.3
